15.35.49 >>> Project demo:
15.35.49 >>> New run started at 11/02/2026 15:35:49.
15.35.49 ----------------------------------------------------------------------------------------------------
15.35.50 > Successfully loaded IFC model from: .\ifc_hydro\examples\demo\demo-project.ifc
15.35.50 > Creating topology...
15.35.50 > Found 3 sanitary terminal(s) and 1 tank(s)...
15.35.50 > Topology created with 3 paths...
15.35.50 ----------------------------------------------------------------------------------------------------
15.35.52 > Getting available pressure at sanitary terminal with ID 5423...
15.35.52 > Tank bottom elevation: 3.82 m
15.35.52 > Water level adjustment: +0.5 m
15.35.52 > Water column level: 4.32 m
15.35.52 > Terminal elevation: 2.504 m
15.35.52 > Initial pressure from gravity potential: 4.32 - 2.504 = 1.816 m
15.35.52 > Path components: 14 elements
15.35.52 ----------------------------------------------------------------------------------------------------
15.35.52 > Processing pipe fitting ID 6141...
15.35.52 > Getting local pressure drop for connection with ID 6141...
15.35.52 > Getting fitting properties for fitting with ID 6141...
15.35.52 > Fitting properties:
15.35.52 > {'dir': {'incoming_unit_vector': (0.0, 1.0, 0.0), 'outgoing_unit_vector': (0.0, 0.0, -1.0), 'direction_change_angle': 90.0}, 'type': 'EXIT'}
15.35.52 > Design flow: 0.2 L/s
15.35.52 > Equivalent length lookup: type=EXIT, diameter=25.0 mm -> 1.2 m
15.35.52 > Fair Whipple-Hsiao: J = 0.000859 * Q^1.75 * D^-4.75 = 0.007105 m/m
15.35.52 > Local pressure drop: 1.2 * 0.007105 = 0.009 m
15.35.52 ==> Remaining pressure: 1.807 m
15.35.52 > Processing pipe segment ID 5399...
15.35.52 > Getting pipe properties for pipe with ID 5399...
15.35.52 > Mapped nominal diameter 25.0 mm to internal diameter...
15.35.52 > Pipe properties:
15.35.52 > {'len': 0.959, 'dim': 0.0278}
15.35.52 > Getting linear pressure drop for pipe with ID 5399...
15.35.52 > Pipe length: 0.959 m, Internal diameter: 27.8 mm
15.35.52 > Design flow: 0.2 L/s
15.35.52 > Fair Whipple-Hsiao: J = 0.000859 * Q^1.75 * D^-4.75 = 0.007105 m/m
15.35.52 > Linear pressure drop: 0.959 * 0.007105 = 0.007 m
15.35.52 ==> Remaining pressure: 1.801 m
15.35.52 > Processing valve ID 8356...
15.35.52 > Getting local pressure drop for connection with ID 8356...
15.35.52 > Getting valve properties for valve with ID 8356...
15.35.52 > Valve properties:
15.35.52 > {'dim': (0.025, 0.025), 'dir': {'incoming_unit_vector': (0.0, 0.0, -1.0), 'outgoing_unit_vector': (0.0, 0.0, -1.0), 'direction_change_angle': 0.0}, 'type': 'REGULATING'}
15.35.52 > Design flow: 0.2 L/s
15.35.52 > Equivalent length lookup: type=REGULATING, diameter=25.0 mm -> 8.2 m
15.35.52 > Fair Whipple-Hsiao: J = 0.000859 * Q^1.75 * D^-4.75 = 0.007105 m/m
15.35.52 > Local pressure drop: 8.2 * 0.007105 = 0.058 m
15.35.52 ==> Remaining pressure: 1.742 m
15.35.52 > Processing pipe segment ID 8375...
15.35.52 > Getting pipe properties for pipe with ID 8375...
15.35.52 > Mapped nominal diameter 25.0 mm to internal diameter...
15.35.52 > Pipe properties:
15.35.52 > {'len': 0.168, 'dim': 0.0278}
15.35.52 > Getting linear pressure drop for pipe with ID 8375...
15.35.52 > Pipe length: 0.168 m, Internal diameter: 27.8 mm
15.35.52 > Design flow: 0.2 L/s
15.35.52 > Fair Whipple-Hsiao: J = 0.000859 * Q^1.75 * D^-4.75 = 0.007105 m/m
15.35.52 > Linear pressure drop: 0.168 * 0.007105 = 0.001 m
15.35.52 ==> Remaining pressure: 1.741 m
15.35.52 > Processing pipe fitting ID 5434...
15.35.52 > Getting local pressure drop for connection with ID 5434...
15.35.52 > Getting fitting properties for fitting with ID 5434...
15.35.52 > Fitting properties:
15.35.52 > {'dir': {'incoming_unit_vector': (0.0, 0.0, -1.0), 'outgoing_unit_vector': (-1.0, 0.0, 0.0), 'direction_change_angle': 90.0}, 'type': 'BEND'}
15.35.52 > Design flow: 0.2 L/s
15.35.52 > Equivalent length lookup: type=BEND, angle=90.0, diameter=25.0 mm -> 1.5 m
15.35.52 > Fair Whipple-Hsiao: J = 0.000859 * Q^1.75 * D^-4.75 = 0.007105 m/m
15.35.52 > Local pressure drop: 1.5 * 0.007105 = 0.011 m
15.35.52 ==> Remaining pressure: 1.731 m
15.35.52 > Processing pipe segment ID 5376...
15.35.52 > Getting pipe properties for pipe with ID 5376...
15.35.52 > Mapped nominal diameter 25.0 mm to internal diameter...
15.35.52 > Pipe properties:
15.35.52 > {'len': 0.696, 'dim': 0.0278}
15.35.52 > Getting linear pressure drop for pipe with ID 5376...
15.35.52 > Pipe length: 0.696 m, Internal diameter: 27.8 mm
15.35.52 > Design flow: 0.2 L/s
15.35.52 > Fair Whipple-Hsiao: J = 0.000859 * Q^1.75 * D^-4.75 = 0.007105 m/m
15.35.52 > Linear pressure drop: 0.696 * 0.007105 = 0.005 m
15.35.52 ==> Remaining pressure: 1.726 m
15.35.52 > Processing pipe fitting ID 6943...
15.35.52 > Getting local pressure drop for connection with ID 6943...
15.35.52 > Getting fitting properties for fitting with ID 6943...
15.35.53 > Fitting properties:
15.35.53 > {'dir': {'incoming_unit_vector': (-1.0, 0.0, 0.0), 'outgoing_unit_vector': (0.0, 0.0, 1.0), 'direction_change_angle': 90.0}, 'type': 'JUNCTION'}
15.35.53 > Design flow: 0.5 L/s
15.35.53 > Equivalent length lookup: type=JUNCTION, angle=90.0, diameter=25.0 mm -> 3.1 m
15.35.53 > Fair Whipple-Hsiao: J = 0.000859 * Q^1.75 * D^-4.75 = 0.035317 m/m
15.35.53 > Local pressure drop: 3.1 * 0.035317 = 0.109 m
15.35.53 ==> Remaining pressure: 1.616 m
15.35.53 > Processing pipe segment ID 4574...
15.35.53 > Getting pipe properties for pipe with ID 4574...
15.35.53 > Mapped nominal diameter 25.0 mm to internal diameter...
15.35.53 > Pipe properties:
15.35.53 > {'len': 0.87, 'dim': 0.0278}
15.35.53 > Getting linear pressure drop for pipe with ID 4574...
15.35.53 > Pipe length: 0.87 m, Internal diameter: 27.8 mm
15.35.53 > Design flow: 0.5 L/s
15.35.53 > Fair Whipple-Hsiao: J = 0.000859 * Q^1.75 * D^-4.75 = 0.035317 m/m
15.35.53 > Linear pressure drop: 0.87 * 0.035317 = 0.031 m
15.35.53 ==> Remaining pressure: 1.585 m
15.35.53 > Processing valve ID 8087...
15.35.53 > Getting local pressure drop for connection with ID 8087...
15.35.53 > Getting valve properties for valve with ID 8087...
15.35.53 > Valve properties:
15.35.53 > {'dim': (0.025, 0.025), 'dir': {'incoming_unit_vector': (0.0, 0.0, 1.0), 'outgoing_unit_vector': (0.0, 0.0, 1.0), 'direction_change_angle': 0.0}, 'type': 'ISOLATING'}
15.35.53 > Design flow: 0.5 L/s
15.35.53 > Equivalent length lookup: type=ISOLATING, diameter=25.0 mm -> 0.2 m
15.35.53 > Fair Whipple-Hsiao: J = 0.000859 * Q^1.75 * D^-4.75 = 0.035317 m/m
15.35.53 > Local pressure drop: 0.2 * 0.035317 = 0.007 m
15.35.53 ==> Remaining pressure: 1.578 m
15.35.53 > Processing pipe segment ID 8107...
15.35.53 > Getting pipe properties for pipe with ID 8107...
15.35.53 > Mapped nominal diameter 25.0 mm to internal diameter...
15.35.53 > Pipe properties:
15.35.53 > {'len': 1.664, 'dim': 0.0278}
15.35.53 > Getting linear pressure drop for pipe with ID 8107...
15.35.53 > Pipe length: 1.664 m, Internal diameter: 27.8 mm
15.35.53 > Design flow: 0.5 L/s
15.35.53 > Fair Whipple-Hsiao: J = 0.000859 * Q^1.75 * D^-4.75 = 0.035317 m/m
15.35.53 > Linear pressure drop: 1.664 * 0.035317 = 0.059 m
15.35.53 ==> Remaining pressure: 1.52 m
15.35.53 > Processing pipe fitting ID 5357...
15.35.53 > Getting local pressure drop for connection with ID 5357...
15.35.53 > Getting fitting properties for fitting with ID 5357...
15.35.53 > Fitting properties:
15.35.53 > {'dir': {'incoming_unit_vector': (0.0, 0.0, 1.0), 'outgoing_unit_vector': (0.0, -1.0, 0.0), 'direction_change_angle': 90.0}, 'type': 'BEND'}
15.35.53 > Design flow: 0.5 L/s
15.35.53 > Equivalent length lookup: type=BEND, angle=90.0, diameter=25.0 mm -> 1.5 m
15.35.53 > Fair Whipple-Hsiao: J = 0.000859 * Q^1.75 * D^-4.75 = 0.035317 m/m
15.35.53 > Local pressure drop: 1.5 * 0.035317 = 0.053 m
15.35.53 ==> Remaining pressure: 1.467 m
15.35.53 > Processing pipe segment ID 8398...
15.35.53 > Getting pipe properties for pipe with ID 8398...
15.35.53 > Mapped nominal diameter 25.0 mm to internal diameter...
15.35.53 > Pipe properties:
15.35.53 > {'len': 0.549, 'dim': 0.0278}
15.35.53 > Getting linear pressure drop for pipe with ID 8398...
15.35.53 > Pipe length: 0.549 m, Internal diameter: 27.8 mm
15.35.53 > Design flow: 0.5 L/s
15.35.53 > Fair Whipple-Hsiao: J = 0.000859 * Q^1.75 * D^-4.75 = 0.035317 m/m
15.35.53 > Linear pressure drop: 0.549 * 0.035317 = 0.019 m
15.35.53 ==> Remaining pressure: 1.447 m
15.35.53 ====================================================================================================
15.35.53 > Available pressure at the sanitary terminal 5423 - Type: SHOWER:
15.35.53 > 1.45 m
15.35.53 ====================================================================================================
15.35.53 > Getting available pressure at sanitary terminal with ID 6986...
15.35.53 > Tank bottom elevation: 3.82 m
15.35.53 > Water level adjustment: +0.5 m
15.35.53 > Water column level: 4.32 m
15.35.53 > Terminal elevation: 1.313 m
15.35.53 > Initial pressure from gravity potential: 4.32 - 1.313 = 3.007 m
15.35.53 > Path components: 12 elements
15.35.53 ----------------------------------------------------------------------------------------------------
15.35.53 > Processing pipe fitting ID 17772...
15.35.53 > Getting local pressure drop for connection with ID 17772...
15.35.53 > Getting fitting properties for fitting with ID 17772...
15.35.54 > Fitting properties:
15.35.54 > {'dir': {'incoming_unit_vector': (0.0, 1.0, 0.0), 'outgoing_unit_vector': (1.0, 0.0, 0.0), 'direction_change_angle': 90.0}, 'type': 'EXIT'}
15.35.54 > Design flow: 0.15 L/s
15.35.54 > Equivalent length lookup: type=EXIT, diameter=25.0 mm -> 1.2 m
15.35.54 > Fair Whipple-Hsiao: J = 0.000859 * Q^1.75 * D^-4.75 = 0.004295 m/m
15.35.54 > Local pressure drop: 1.2 * 0.004295 = 0.005 m
15.35.54 ==> Remaining pressure: 3.002 m
15.35.54 > Processing pipe segment ID 7037...
15.35.54 > Getting pipe properties for pipe with ID 7037...
15.35.54 > Mapped nominal diameter 25.0 mm to internal diameter...
15.35.54 > Pipe properties:
15.35.54 > {'len': 0.419, 'dim': 0.0278}
15.35.54 > Getting linear pressure drop for pipe with ID 7037...
15.35.54 > Pipe length: 0.419 m, Internal diameter: 27.8 mm
15.35.54 > Design flow: 0.15 L/s
15.35.54 > Fair Whipple-Hsiao: J = 0.000859 * Q^1.75 * D^-4.75 = 0.004295 m/m
15.35.54 > Linear pressure drop: 0.419 * 0.004295 = 0.002 m
15.35.54 ==> Remaining pressure: 3.0 m
15.35.54 > Processing pipe fitting ID 7020...
15.35.54 > Getting local pressure drop for connection with ID 7020...
15.35.54 > Getting fitting properties for fitting with ID 7020...
15.35.54 > Fitting properties:
15.35.54 > {'dir': {'incoming_unit_vector': (1.0, 0.0, 0.0), 'outgoing_unit_vector': (1.0, 0.0, 0.0), 'direction_change_angle': 0.0}, 'type': 'JUNCTION'}
15.35.54 > Design flow: 0.3 L/s
15.35.54 > Equivalent length lookup: type=JUNCTION, angle=0.0, diameter=25.0 mm -> 0.9 m
15.35.54 > Fair Whipple-Hsiao: J = 0.000859 * Q^1.75 * D^-4.75 = 0.014446 m/m
15.35.54 > Local pressure drop: 0.9 * 0.014446 = 0.013 m
15.35.54 ==> Remaining pressure: 2.987 m
15.35.54 > Processing pipe segment ID 6962...
15.35.54 > Getting pipe properties for pipe with ID 6962...
15.35.54 > Mapped nominal diameter 25.0 mm to internal diameter...
15.35.54 > Pipe properties:
15.35.54 > {'len': 0.118, 'dim': 0.0278}
15.35.54 > Getting linear pressure drop for pipe with ID 6962...
15.35.54 > Pipe length: 0.118 m, Internal diameter: 27.8 mm
15.35.54 > Design flow: 0.3 L/s
15.35.54 > Fair Whipple-Hsiao: J = 0.000859 * Q^1.75 * D^-4.75 = 0.014446 m/m
15.35.54 > Linear pressure drop: 0.118 * 0.014446 = 0.002 m
15.35.54 ==> Remaining pressure: 2.985 m
15.35.54 > Processing pipe fitting ID 6943...
15.35.54 > Getting local pressure drop for connection with ID 6943...
15.35.54 > Getting fitting properties for fitting with ID 6943...
15.35.54 > Fitting properties:
15.35.54 > {'dir': {'incoming_unit_vector': (1.0, 0.0, 0.0), 'outgoing_unit_vector': (0.0, 0.0, 1.0), 'direction_change_angle': 90.0}, 'type': 'JUNCTION'}
15.35.54 > Design flow: 0.5 L/s
15.35.54 > Equivalent length lookup: type=JUNCTION, angle=90.0, diameter=25.0 mm -> 3.1 m
15.35.54 > Fair Whipple-Hsiao: J = 0.000859 * Q^1.75 * D^-4.75 = 0.035317 m/m
15.35.54 > Local pressure drop: 3.1 * 0.035317 = 0.109 m
15.35.54 ==> Remaining pressure: 2.876 m
15.35.54 > Processing pipe segment ID 4574...
15.35.54 > Getting pipe properties for pipe with ID 4574...
15.35.54 > Mapped nominal diameter 25.0 mm to internal diameter...
15.35.54 > Pipe properties:
15.35.54 > {'len': 0.87, 'dim': 0.0278}
15.35.54 > Getting linear pressure drop for pipe with ID 4574...
15.35.54 > Pipe length: 0.87 m, Internal diameter: 27.8 mm
15.35.54 > Design flow: 0.5 L/s
15.35.54 > Fair Whipple-Hsiao: J = 0.000859 * Q^1.75 * D^-4.75 = 0.035317 m/m
15.35.54 > Linear pressure drop: 0.87 * 0.035317 = 0.031 m
15.35.54 ==> Remaining pressure: 2.845 m
15.35.54 > Processing valve ID 8087...
15.35.54 > Getting local pressure drop for connection with ID 8087...
15.35.54 > Getting valve properties for valve with ID 8087...
15.35.54 > Valve properties:
15.35.54 > {'dim': (0.025, 0.025), 'dir': {'incoming_unit_vector': (0.0, 0.0, 1.0), 'outgoing_unit_vector': (0.0, 0.0, 1.0), 'direction_change_angle': 0.0}, 'type': 'ISOLATING'}
15.35.54 > Design flow: 0.5 L/s
15.35.54 > Equivalent length lookup: type=ISOLATING, diameter=25.0 mm -> 0.2 m
15.35.54 > Fair Whipple-Hsiao: J = 0.000859 * Q^1.75 * D^-4.75 = 0.035317 m/m
15.35.54 > Local pressure drop: 0.2 * 0.035317 = 0.007 m
15.35.54 ==> Remaining pressure: 2.838 m
15.35.54 > Processing pipe segment ID 8107...
15.35.54 > Getting pipe properties for pipe with ID 8107...
15.35.54 > Mapped nominal diameter 25.0 mm to internal diameter...
15.35.54 > Pipe properties:
15.35.54 > {'len': 1.664, 'dim': 0.0278}
15.35.54 > Getting linear pressure drop for pipe with ID 8107...
15.35.54 > Pipe length: 1.664 m, Internal diameter: 27.8 mm
15.35.54 > Design flow: 0.5 L/s
15.35.54 > Fair Whipple-Hsiao: J = 0.000859 * Q^1.75 * D^-4.75 = 0.035317 m/m
15.35.54 > Linear pressure drop: 1.664 * 0.035317 = 0.059 m
15.35.54 ==> Remaining pressure: 2.779 m
15.35.54 > Processing pipe fitting ID 5357...
15.35.54 > Getting local pressure drop for connection with ID 5357...
15.35.54 > Getting fitting properties for fitting with ID 5357...
15.35.54 > Fitting properties:
15.35.54 > {'dir': {'incoming_unit_vector': (0.0, 0.0, 1.0), 'outgoing_unit_vector': (0.0, -1.0, 0.0), 'direction_change_angle': 90.0}, 'type': 'BEND'}
15.35.54 > Design flow: 0.5 L/s
15.35.54 > Equivalent length lookup: type=BEND, angle=90.0, diameter=25.0 mm -> 1.5 m
15.35.54 > Fair Whipple-Hsiao: J = 0.000859 * Q^1.75 * D^-4.75 = 0.035317 m/m
15.35.54 > Local pressure drop: 1.5 * 0.035317 = 0.053 m
15.35.54 ==> Remaining pressure: 2.726 m
15.35.54 > Processing pipe segment ID 8398...
15.35.54 > Getting pipe properties for pipe with ID 8398...
15.35.54 > Mapped nominal diameter 25.0 mm to internal diameter...
15.35.54 > Pipe properties:
15.35.54 > {'len': 0.549, 'dim': 0.0278}
15.35.54 > Getting linear pressure drop for pipe with ID 8398...
15.35.54 > Pipe length: 0.549 m, Internal diameter: 27.8 mm
15.35.54 > Design flow: 0.5 L/s
15.35.54 > Fair Whipple-Hsiao: J = 0.000859 * Q^1.75 * D^-4.75 = 0.035317 m/m
15.35.54 > Linear pressure drop: 0.549 * 0.035317 = 0.019 m
15.35.54 ==> Remaining pressure: 2.707 m
15.35.54 ====================================================================================================
15.35.54 > Available pressure at the sanitary terminal 6986 - Type: WASHHANDBASIN:
15.35.54 > 2.71 m
15.35.54 ====================================================================================================
15.35.55 > Getting available pressure at sanitary terminal with ID 7061...
15.35.55 > Tank bottom elevation: 3.82 m
15.35.55 > Water level adjustment: +0.5 m
15.35.55 > Water column level: 4.32 m
15.35.55 > Terminal elevation: 0.613 m
15.35.55 > Initial pressure from gravity potential: 4.32 - 0.613 = 3.707 m
15.35.55 > Path components: 12 elements
15.35.55 ----------------------------------------------------------------------------------------------------
15.35.55 > Processing pipe fitting ID 7848...
15.35.55 > Getting local pressure drop for connection with ID 7848...
15.35.55 > Getting fitting properties for fitting with ID 7848...
15.35.55 > Fitting properties:
15.35.55 > {'dir': {'incoming_unit_vector': (0.0, 1.0, 0.0), 'outgoing_unit_vector': (0.0, 0.0, 1.0), 'direction_change_angle': 90.0}, 'type': 'EXIT'}
15.35.55 > Design flow: 0.15 L/s
15.35.55 > Equivalent length lookup: type=EXIT, diameter=25.0 mm -> 1.2 m
15.35.55 > Fair Whipple-Hsiao: J = 0.000859 * Q^1.75 * D^-4.75 = 0.004295 m/m
15.35.55 > Local pressure drop: 1.2 * 0.004295 = 0.005 m
15.35.55 ==> Remaining pressure: 3.702 m
15.35.55 > Processing pipe segment ID 7003...
15.35.55 > Getting pipe properties for pipe with ID 7003...
15.35.55 > Mapped nominal diameter 25.0 mm to internal diameter...
15.35.55 > Pipe properties:
15.35.55 > {'len': 0.67, 'dim': 0.0278}
15.35.55 > Getting linear pressure drop for pipe with ID 7003...
15.35.55 > Pipe length: 0.67 m, Internal diameter: 27.8 mm
15.35.55 > Design flow: 0.15 L/s
15.35.55 > Fair Whipple-Hsiao: J = 0.000859 * Q^1.75 * D^-4.75 = 0.004295 m/m
15.35.55 > Linear pressure drop: 0.67 * 0.004295 = 0.003 m
15.35.55 ==> Remaining pressure: 3.699 m
15.35.55 > Processing pipe fitting ID 7020...
15.35.55 > Getting local pressure drop for connection with ID 7020...
15.35.55 > Getting fitting properties for fitting with ID 7020...
15.35.55 > Fitting properties:
15.35.55 > {'dir': {'incoming_unit_vector': (0.0, 0.0, 1.0), 'outgoing_unit_vector': (1.0, 0.0, 0.0), 'direction_change_angle': 90.0}, 'type': 'JUNCTION'}
15.35.55 > Design flow: 0.3 L/s
15.35.55 > Equivalent length lookup: type=JUNCTION, angle=90.0, diameter=25.0 mm -> 3.1 m
15.35.55 > Fair Whipple-Hsiao: J = 0.000859 * Q^1.75 * D^-4.75 = 0.014446 m/m
15.35.55 > Local pressure drop: 3.1 * 0.014446 = 0.045 m
15.35.55 ==> Remaining pressure: 3.654 m
15.35.55 > Processing pipe segment ID 6962...
15.35.55 > Getting pipe properties for pipe with ID 6962...
15.35.55 > Mapped nominal diameter 25.0 mm to internal diameter...
15.35.55 > Pipe properties:
15.35.55 > {'len': 0.118, 'dim': 0.0278}
15.35.55 > Getting linear pressure drop for pipe with ID 6962...
15.35.55 > Pipe length: 0.118 m, Internal diameter: 27.8 mm
15.35.55 > Design flow: 0.3 L/s
15.35.55 > Fair Whipple-Hsiao: J = 0.000859 * Q^1.75 * D^-4.75 = 0.014446 m/m
15.35.55 > Linear pressure drop: 0.118 * 0.014446 = 0.002 m
15.35.55 ==> Remaining pressure: 3.652 m
15.35.55 > Processing pipe fitting ID 6943...
15.35.55 > Getting local pressure drop for connection with ID 6943...
15.35.55 > Getting fitting properties for fitting with ID 6943...
15.35.55 > Fitting properties:
15.35.55 > {'dir': {'incoming_unit_vector': (1.0, 0.0, 0.0), 'outgoing_unit_vector': (0.0, 0.0, 1.0), 'direction_change_angle': 90.0}, 'type': 'JUNCTION'}
15.35.55 > Design flow: 0.5 L/s
15.35.55 > Equivalent length lookup: type=JUNCTION, angle=90.0, diameter=25.0 mm -> 3.1 m
15.35.55 > Fair Whipple-Hsiao: J = 0.000859 * Q^1.75 * D^-4.75 = 0.035317 m/m
15.35.55 > Local pressure drop: 3.1 * 0.035317 = 0.109 m
15.35.55 ==> Remaining pressure: 3.543 m
15.35.55 > Processing pipe segment ID 4574...
15.35.55 > Getting pipe properties for pipe with ID 4574...
15.35.55 > Mapped nominal diameter 25.0 mm to internal diameter...
15.35.55 > Pipe properties:
15.35.55 > {'len': 0.87, 'dim': 0.0278}
15.35.55 > Getting linear pressure drop for pipe with ID 4574...
15.35.55 > Pipe length: 0.87 m, Internal diameter: 27.8 mm
15.35.55 > Design flow: 0.5 L/s
15.35.55 > Fair Whipple-Hsiao: J = 0.000859 * Q^1.75 * D^-4.75 = 0.035317 m/m
15.35.55 > Linear pressure drop: 0.87 * 0.035317 = 0.031 m
15.35.55 ==> Remaining pressure: 3.512 m
15.35.55 > Processing valve ID 8087...
15.35.55 > Getting local pressure drop for connection with ID 8087...
15.35.55 > Getting valve properties for valve with ID 8087...
15.35.55 > Valve properties:
15.35.55 > {'dim': (0.025, 0.025), 'dir': {'incoming_unit_vector': (0.0, 0.0, 1.0), 'outgoing_unit_vector': (0.0, 0.0, 1.0), 'direction_change_angle': 0.0}, 'type': 'ISOLATING'}
15.35.55 > Design flow: 0.5 L/s
15.35.55 > Equivalent length lookup: type=ISOLATING, diameter=25.0 mm -> 0.2 m
15.35.55 > Fair Whipple-Hsiao: J = 0.000859 * Q^1.75 * D^-4.75 = 0.035317 m/m
15.35.55 > Local pressure drop: 0.2 * 0.035317 = 0.007 m
15.35.55 ==> Remaining pressure: 3.505 m
15.35.55 > Processing pipe segment ID 8107...
15.35.55 > Getting pipe properties for pipe with ID 8107...
15.35.55 > Mapped nominal diameter 25.0 mm to internal diameter...
15.35.55 > Pipe properties:
15.35.55 > {'len': 1.664, 'dim': 0.0278}
15.35.55 > Getting linear pressure drop for pipe with ID 8107...
15.35.55 > Pipe length: 1.664 m, Internal diameter: 27.8 mm
15.35.55 > Design flow: 0.5 L/s
15.35.55 > Fair Whipple-Hsiao: J = 0.000859 * Q^1.75 * D^-4.75 = 0.035317 m/m
15.35.55 > Linear pressure drop: 1.664 * 0.035317 = 0.059 m
15.35.55 ==> Remaining pressure: 3.446 m
15.35.55 > Processing pipe fitting ID 5357...
15.35.55 > Getting local pressure drop for connection with ID 5357...
15.35.55 > Getting fitting properties for fitting with ID 5357...
15.35.55 > Fitting properties:
15.35.55 > {'dir': {'incoming_unit_vector': (0.0, 0.0, 1.0), 'outgoing_unit_vector': (0.0, -1.0, 0.0), 'direction_change_angle': 90.0}, 'type': 'BEND'}
15.35.55 > Design flow: 0.5 L/s
15.35.55 > Equivalent length lookup: type=BEND, angle=90.0, diameter=25.0 mm -> 1.5 m
15.35.55 > Fair Whipple-Hsiao: J = 0.000859 * Q^1.75 * D^-4.75 = 0.035317 m/m
15.35.55 > Local pressure drop: 1.5 * 0.035317 = 0.053 m
15.35.55 ==> Remaining pressure: 3.393 m
15.35.55 > Processing pipe segment ID 8398...
15.35.55 > Getting pipe properties for pipe with ID 8398...
15.35.55 > Mapped nominal diameter 25.0 mm to internal diameter...
15.35.55 > Pipe properties:
15.35.55 > {'len': 0.549, 'dim': 0.0278}
15.35.55 > Getting linear pressure drop for pipe with ID 8398...
15.35.55 > Pipe length: 0.549 m, Internal diameter: 27.8 mm
15.35.55 > Design flow: 0.5 L/s
15.35.55 > Fair Whipple-Hsiao: J = 0.000859 * Q^1.75 * D^-4.75 = 0.035317 m/m
15.35.55 > Linear pressure drop: 0.549 * 0.035317 = 0.019 m
15.35.55 ==> Remaining pressure: 3.374 m
15.35.55 ====================================================================================================
15.35.55 > Available pressure at the sanitary terminal 7061 - Type: WCSEAT:
15.35.55 > 3.37 m
15.35.55 ====================================================================================================
