14.06.30 >>> Project demo:
14.06.30 >>> New run started at 14/03/2026 14:06:30.
14.06.30 ----------------------------------------------------------------------------------------------------
14.06.33 > Successfully loaded IFC model from: .\ifc_hydro\examples\demo\demo-project.ifc
14.06.33 > Creating topology...
14.06.33 > Found 3 sanitary terminal(s) and 1 tank(s)...
14.06.33 > Topology created with 3 paths...
14.06.33 ----------------------------------------------------------------------------------------------------
14.06.53 > Successfully generated hydraulic system visualization
14.06.55 > Getting available pressure at sanitary terminal with ID 5399...
14.06.55 > Tank bottom elevation: 3.82 m
14.06.55 > Water level adjustment: +0.5 m
14.06.55 > Water column level: 4.32 m
14.06.55 > Terminal elevation: 2.504 m
14.06.55 > Initial pressure from gravity potential: 4.32 - 2.504 = 1.816 m
14.06.55 > Path components: 14 elements
14.06.55 ----------------------------------------------------------------------------------------------------
14.06.55 > Processing pipe fitting ID 6117...
14.06.55 > Getting local pressure drop for connection with ID 6117...
14.06.55 > Getting fitting properties for fitting with ID 6117...
14.06.55 > Fitting properties:
14.06.55 > {'dir': {'incoming_unit_vector': (0.0, 1.0, 0.0), 'outgoing_unit_vector': (0.0, 0.0, -1.0), 'direction_change_angle': 90.0}, 'type': 'EXIT'}
14.06.55 > Design flow: 0.095 L/s
14.06.55 > Equivalent length lookup: type=EXIT, diameter=25.0 mm -> 1.2 m
14.06.55 > Fair Whipple-Hsiao: J = 0.000859 * Q^1.75 * D^-4.75 = 0.006461 m/m
14.06.55 > Local pressure drop: 1.2 * 0.006461 = 0.008 m
14.06.55 ==> Remaining pressure: 1.808 m
14.06.55 > Processing pipe segment ID 5381...
14.06.55 > Getting pipe properties for pipe with ID 5381...
14.06.55 > Mapped nominal diameter 25.0 mm to internal diameter...
14.06.55 > Pipe properties:
14.06.55 > {'len': 0.959, 'dim': 0.0216}
14.06.55 > Getting linear pressure drop for pipe with ID 5381...
14.06.55 > Pipe length: 0.959 m, Internal diameter: 21.6 mm
14.06.55 > Design flow: 0.095 L/s
14.06.55 > Fair Whipple-Hsiao: J = 0.000859 * Q^1.75 * D^-4.75 = 0.006461 m/m
14.06.55 > Linear pressure drop: 0.959 * 0.006461 = 0.006 m
14.06.55 ==> Remaining pressure: 1.802 m
14.06.55 > Processing valve ID 8308...
14.06.55 > Getting local pressure drop for connection with ID 8308...
14.06.55 > Getting valve properties for valve with ID 8308...
14.06.55 > Valve properties:
14.06.55 > {'dim': (0.025, 0.025), 'dir': {'incoming_unit_vector': (0.0, 0.0, -1.0), 'outgoing_unit_vector': (0.0, 0.0, -1.0), 'direction_change_angle': 0.0}, 'type': 'REGULATING'}
14.06.55 > Design flow: 0.095 L/s
14.06.55 > Equivalent length lookup: type=REGULATING, diameter=25.0 mm -> 8.2 m
14.06.55 > Fair Whipple-Hsiao: J = 0.000859 * Q^1.75 * D^-4.75 = 0.006461 m/m
14.06.55 > Local pressure drop: 8.2 * 0.006461 = 0.053 m
14.06.55 ==> Remaining pressure: 1.749 m
14.06.55 > Processing pipe segment ID 8327...
14.06.55 > Getting pipe properties for pipe with ID 8327...
14.06.55 > Mapped nominal diameter 25.0 mm to internal diameter...
14.06.55 > Pipe properties:
14.06.55 > {'len': 0.168, 'dim': 0.0216}
14.06.55 > Getting linear pressure drop for pipe with ID 8327...
14.06.55 > Pipe length: 0.168 m, Internal diameter: 21.6 mm
14.06.55 > Design flow: 0.095 L/s
14.06.55 > Fair Whipple-Hsiao: J = 0.000859 * Q^1.75 * D^-4.75 = 0.006461 m/m
14.06.55 > Linear pressure drop: 0.168 * 0.006461 = 0.001 m
14.06.55 ==> Remaining pressure: 1.748 m
14.06.55 > Processing pipe fitting ID 5410...
14.06.55 > Getting local pressure drop for connection with ID 5410...
14.06.55 > Getting fitting properties for fitting with ID 5410...
14.06.55 > Fitting properties:
14.06.55 > {'dir': {'incoming_unit_vector': (0.0, 0.0, -1.0), 'outgoing_unit_vector': (-1.0, 0.0, 0.0), 'direction_change_angle': 90.0}, 'type': 'BEND'}
14.06.55 > Design flow: 0.095 L/s
14.06.55 > Equivalent length lookup: type=BEND, angle=90.0, diameter=25.0 mm -> 1.5 m
14.06.55 > Fair Whipple-Hsiao: J = 0.000859 * Q^1.75 * D^-4.75 = 0.006461 m/m
14.06.55 > Local pressure drop: 1.5 * 0.006461 = 0.01 m
14.06.55 ==> Remaining pressure: 1.738 m
14.06.55 > Processing pipe segment ID 5364...
14.06.55 > Getting pipe properties for pipe with ID 5364...
14.06.55 > Mapped nominal diameter 25.0 mm to internal diameter...
14.06.55 > Pipe properties:
14.06.55 > {'len': 0.696, 'dim': 0.0216}
14.06.55 > Getting linear pressure drop for pipe with ID 5364...
14.06.55 > Pipe length: 0.696 m, Internal diameter: 21.6 mm
14.06.55 > Design flow: 0.095 L/s
14.06.55 > Fair Whipple-Hsiao: J = 0.000859 * Q^1.75 * D^-4.75 = 0.006461 m/m
14.06.55 > Linear pressure drop: 0.696 * 0.006461 = 0.004 m
14.06.55 ==> Remaining pressure: 1.734 m
14.06.55 > Processing pipe fitting ID 6919...
14.06.55 > Getting local pressure drop for connection with ID 6919...
14.06.55 > Getting fitting properties for fitting with ID 6919...
14.06.56 > Fitting properties:
14.06.56 > {'dir': {'incoming_unit_vector': (-1.0, 0.0, 0.0), 'outgoing_unit_vector': (0.0, 0.0, 1.0), 'direction_change_angle': 90.0}, 'type': 'JUNCTION'}
14.06.56 > Design flow: 0.251 L/s
14.06.56 > Equivalent length lookup: type=JUNCTION, angle=90.0, diameter=25.0 mm -> 3.1 m
14.06.56 > Fair Whipple-Hsiao: J = 0.000859 * Q^1.75 * D^-4.75 = 0.035464 m/m
14.06.56 > Local pressure drop: 3.1 * 0.035464 = 0.11 m
14.06.56 ==> Remaining pressure: 1.624 m
14.06.56 > Processing pipe segment ID 4568...
14.06.56 > Getting pipe properties for pipe with ID 4568...
14.06.56 > Mapped nominal diameter 25.0 mm to internal diameter...
14.06.56 > Pipe properties:
14.06.56 > {'len': 0.87, 'dim': 0.0216}
14.06.56 > Getting linear pressure drop for pipe with ID 4568...
14.06.56 > Pipe length: 0.87 m, Internal diameter: 21.6 mm
14.06.56 > Design flow: 0.251 L/s
14.06.56 > Fair Whipple-Hsiao: J = 0.000859 * Q^1.75 * D^-4.75 = 0.035464 m/m
14.06.56 > Linear pressure drop: 0.87 * 0.035464 = 0.031 m
14.06.56 ==> Remaining pressure: 1.593 m
14.06.56 > Processing valve ID 8045...
14.06.56 > Getting local pressure drop for connection with ID 8045...
14.06.56 > Getting valve properties for valve with ID 8045...
14.06.56 > Valve properties:
14.06.56 > {'dim': (0.025, 0.025), 'dir': {'incoming_unit_vector': (0.0, 0.0, 1.0), 'outgoing_unit_vector': (0.0, 0.0, 1.0), 'direction_change_angle': 0.0}, 'type': 'ISOLATING'}
14.06.56 > Design flow: 0.251 L/s
14.06.56 > Equivalent length lookup: type=ISOLATING, diameter=25.0 mm -> 0.2 m
14.06.56 > Fair Whipple-Hsiao: J = 0.000859 * Q^1.75 * D^-4.75 = 0.035464 m/m
14.06.56 > Local pressure drop: 0.2 * 0.035464 = 0.007 m
14.06.56 ==> Remaining pressure: 1.586 m
14.06.56 > Processing pipe segment ID 8065...
14.06.56 > Getting pipe properties for pipe with ID 8065...
14.06.56 > Mapped nominal diameter 25.0 mm to internal diameter...
14.06.56 > Pipe properties:
14.06.56 > {'len': 1.664, 'dim': 0.0216}
14.06.56 > Getting linear pressure drop for pipe with ID 8065...
14.06.56 > Pipe length: 1.664 m, Internal diameter: 21.6 mm
14.06.56 > Design flow: 0.251 L/s
14.06.56 > Fair Whipple-Hsiao: J = 0.000859 * Q^1.75 * D^-4.75 = 0.035464 m/m
14.06.56 > Linear pressure drop: 1.664 * 0.035464 = 0.059 m
14.06.56 ==> Remaining pressure: 1.527 m
14.06.56 > Processing pipe fitting ID 5345...
14.06.56 > Getting local pressure drop for connection with ID 5345...
14.06.56 > Getting fitting properties for fitting with ID 5345...
14.06.56 > Fitting properties:
14.06.56 > {'dir': {'incoming_unit_vector': (0.0, 0.0, 1.0), 'outgoing_unit_vector': (0.0, -1.0, 0.0), 'direction_change_angle': 90.0}, 'type': 'BEND'}
14.06.56 > Design flow: 0.251 L/s
14.06.56 > Equivalent length lookup: type=BEND, angle=90.0, diameter=25.0 mm -> 1.5 m
14.06.56 > Fair Whipple-Hsiao: J = 0.000859 * Q^1.75 * D^-4.75 = 0.035464 m/m
14.06.56 > Local pressure drop: 1.5 * 0.035464 = 0.053 m
14.06.56 ==> Remaining pressure: 1.474 m
14.06.56 > Processing pipe segment ID 8344...
14.06.56 > Getting pipe properties for pipe with ID 8344...
14.06.56 > Mapped nominal diameter 25.0 mm to internal diameter...
14.06.56 > Pipe properties:
14.06.56 > {'len': 0.549, 'dim': 0.0216}
14.06.56 > Getting linear pressure drop for pipe with ID 8344...
14.06.56 > Pipe length: 0.549 m, Internal diameter: 21.6 mm
14.06.56 > Design flow: 0.251 L/s
14.06.56 > Fair Whipple-Hsiao: J = 0.000859 * Q^1.75 * D^-4.75 = 0.035464 m/m
14.06.56 > Linear pressure drop: 0.549 * 0.035464 = 0.019 m
14.06.56 ==> Remaining pressure: 1.454 m
14.06.56 ====================================================================================================
14.06.56 > Available pressure at the sanitary terminal 5399 - Type: SHOWER:
14.06.56 > 1.45 m
14.06.56 ====================================================================================================
14.06.57 > Getting available pressure at sanitary terminal with ID 6956...
14.06.57 > Tank bottom elevation: 3.82 m
14.06.57 > Water level adjustment: +0.5 m
14.06.57 > Water column level: 4.32 m
14.06.57 > Terminal elevation: 1.313 m
14.06.57 > Initial pressure from gravity potential: 4.32 - 1.313 = 3.007 m
14.06.57 > Path components: 12 elements
14.06.57 ----------------------------------------------------------------------------------------------------
14.06.57 > Processing pipe fitting ID 17712...
14.06.57 > Getting local pressure drop for connection with ID 17712...
14.06.57 > Getting fitting properties for fitting with ID 17712...
14.06.57 > Fitting properties:
14.06.57 > {'dir': {'incoming_unit_vector': (0.0, 1.0, 0.0), 'outgoing_unit_vector': (1.0, 0.0, 0.0), 'direction_change_angle': 90.0}, 'type': 'EXIT'}
14.06.57 > Design flow: 0.164 L/s
14.06.57 > Equivalent length lookup: type=EXIT, diameter=25.0 mm -> 1.2 m
14.06.57 > Fair Whipple-Hsiao: J = 0.000859 * Q^1.75 * D^-4.75 = 0.016897 m/m
14.06.57 > Local pressure drop: 1.2 * 0.016897 = 0.02 m
14.06.57 ==> Remaining pressure: 2.987 m
14.06.57 > Processing pipe segment ID 7001...
14.06.57 > Getting pipe properties for pipe with ID 7001...
14.06.57 > Mapped nominal diameter 25.0 mm to internal diameter...
14.06.57 > Pipe properties:
14.06.57 > {'len': 0.419, 'dim': 0.0216}
14.06.57 > Getting linear pressure drop for pipe with ID 7001...
14.06.57 > Pipe length: 0.419 m, Internal diameter: 21.6 mm
14.06.57 > Design flow: 0.164 L/s
14.06.57 > Fair Whipple-Hsiao: J = 0.000859 * Q^1.75 * D^-4.75 = 0.016897 m/m
14.06.57 > Linear pressure drop: 0.419 * 0.016897 = 0.007 m
14.06.57 ==> Remaining pressure: 2.98 m
14.06.57 > Processing pipe fitting ID 6984...
14.06.57 > Getting local pressure drop for connection with ID 6984...
14.06.57 > Getting fitting properties for fitting with ID 6984...
14.06.57 > Fitting properties:
14.06.57 > {'dir': {'incoming_unit_vector': (1.0, 0.0, 0.0), 'outgoing_unit_vector': (1.0, 0.0, 0.0), 'direction_change_angle': 0.0}, 'type': 'JUNCTION'}
14.06.57 > Design flow: 0.232 L/s
14.06.57 > Equivalent length lookup: type=JUNCTION, angle=0.0, diameter=25.0 mm -> 0.9 m
14.06.57 > Fair Whipple-Hsiao: J = 0.000859 * Q^1.75 * D^-4.75 = 0.030989 m/m
14.06.57 > Local pressure drop: 0.9 * 0.030989 = 0.028 m
14.06.57 ==> Remaining pressure: 2.952 m
14.06.57 > Processing pipe segment ID 6938...
14.06.57 > Getting pipe properties for pipe with ID 6938...
14.06.57 > Mapped nominal diameter 25.0 mm to internal diameter...
14.06.57 > Pipe properties:
14.06.57 > {'len': 0.118, 'dim': 0.0216}
14.06.57 > Getting linear pressure drop for pipe with ID 6938...
14.06.57 > Pipe length: 0.118 m, Internal diameter: 21.6 mm
14.06.57 > Design flow: 0.232 L/s
14.06.57 > Fair Whipple-Hsiao: J = 0.000859 * Q^1.75 * D^-4.75 = 0.030989 m/m
14.06.57 > Linear pressure drop: 0.118 * 0.030989 = 0.004 m
14.06.57 ==> Remaining pressure: 2.948 m
14.06.57 > Processing pipe fitting ID 6919...
14.06.57 > Getting local pressure drop for connection with ID 6919...
14.06.57 > Getting fitting properties for fitting with ID 6919...
14.06.57 > Fitting properties:
14.06.57 > {'dir': {'incoming_unit_vector': (1.0, 0.0, 0.0), 'outgoing_unit_vector': (0.0, 0.0, 1.0), 'direction_change_angle': 90.0}, 'type': 'JUNCTION'}
14.06.57 > Design flow: 0.251 L/s
14.06.57 > Equivalent length lookup: type=JUNCTION, angle=90.0, diameter=25.0 mm -> 3.1 m
14.06.57 > Fair Whipple-Hsiao: J = 0.000859 * Q^1.75 * D^-4.75 = 0.035464 m/m
14.06.57 > Local pressure drop: 3.1 * 0.035464 = 0.11 m
14.06.57 ==> Remaining pressure: 2.838 m
14.06.57 > Processing pipe segment ID 4568...
14.06.57 > Getting pipe properties for pipe with ID 4568...
14.06.57 > Mapped nominal diameter 25.0 mm to internal diameter...
14.06.57 > Pipe properties:
14.06.57 > {'len': 0.87, 'dim': 0.0216}
14.06.57 > Getting linear pressure drop for pipe with ID 4568...
14.06.57 > Pipe length: 0.87 m, Internal diameter: 21.6 mm
14.06.57 > Design flow: 0.251 L/s
14.06.57 > Fair Whipple-Hsiao: J = 0.000859 * Q^1.75 * D^-4.75 = 0.035464 m/m
14.06.57 > Linear pressure drop: 0.87 * 0.035464 = 0.031 m
14.06.57 ==> Remaining pressure: 2.807 m
14.06.57 > Processing valve ID 8045...
14.06.57 > Getting local pressure drop for connection with ID 8045...
14.06.57 > Getting valve properties for valve with ID 8045...
14.06.57 > Valve properties:
14.06.57 > {'dim': (0.025, 0.025), 'dir': {'incoming_unit_vector': (0.0, 0.0, 1.0), 'outgoing_unit_vector': (0.0, 0.0, 1.0), 'direction_change_angle': 0.0}, 'type': 'ISOLATING'}
14.06.57 > Design flow: 0.251 L/s
14.06.57 > Equivalent length lookup: type=ISOLATING, diameter=25.0 mm -> 0.2 m
14.06.57 > Fair Whipple-Hsiao: J = 0.000859 * Q^1.75 * D^-4.75 = 0.035464 m/m
14.06.57 > Local pressure drop: 0.2 * 0.035464 = 0.007 m
14.06.57 ==> Remaining pressure: 2.8 m
14.06.57 > Processing pipe segment ID 8065...
14.06.57 > Getting pipe properties for pipe with ID 8065...
14.06.57 > Mapped nominal diameter 25.0 mm to internal diameter...
14.06.57 > Pipe properties:
14.06.57 > {'len': 1.664, 'dim': 0.0216}
14.06.57 > Getting linear pressure drop for pipe with ID 8065...
14.06.57 > Pipe length: 1.664 m, Internal diameter: 21.6 mm
14.06.57 > Design flow: 0.251 L/s
14.06.57 > Fair Whipple-Hsiao: J = 0.000859 * Q^1.75 * D^-4.75 = 0.035464 m/m
14.06.57 > Linear pressure drop: 1.664 * 0.035464 = 0.059 m
14.06.57 ==> Remaining pressure: 2.741 m
14.06.57 > Processing pipe fitting ID 5345...
14.06.57 > Getting local pressure drop for connection with ID 5345...
14.06.57 > Getting fitting properties for fitting with ID 5345...
14.06.57 > Fitting properties:
14.06.57 > {'dir': {'incoming_unit_vector': (0.0, 0.0, 1.0), 'outgoing_unit_vector': (0.0, -1.0, 0.0), 'direction_change_angle': 90.0}, 'type': 'BEND'}
14.06.57 > Design flow: 0.251 L/s
14.06.57 > Equivalent length lookup: type=BEND, angle=90.0, diameter=25.0 mm -> 1.5 m
14.06.57 > Fair Whipple-Hsiao: J = 0.000859 * Q^1.75 * D^-4.75 = 0.035464 m/m
14.06.57 > Local pressure drop: 1.5 * 0.035464 = 0.053 m
14.06.57 ==> Remaining pressure: 2.688 m
14.06.57 > Processing pipe segment ID 8344...
14.06.57 > Getting pipe properties for pipe with ID 8344...
14.06.57 > Mapped nominal diameter 25.0 mm to internal diameter...
14.06.57 > Pipe properties:
14.06.57 > {'len': 0.549, 'dim': 0.0216}
14.06.57 > Getting linear pressure drop for pipe with ID 8344...
14.06.57 > Pipe length: 0.549 m, Internal diameter: 21.6 mm
14.06.57 > Design flow: 0.251 L/s
14.06.57 > Fair Whipple-Hsiao: J = 0.000859 * Q^1.75 * D^-4.75 = 0.035464 m/m
14.06.57 > Linear pressure drop: 0.549 * 0.035464 = 0.019 m
14.06.57 ==> Remaining pressure: 2.669 m
14.06.57 ====================================================================================================
14.06.57 > Available pressure at the sanitary terminal 6956 - Type: WASHHANDBASIN:
14.06.57 > 2.67 m
14.06.57 ====================================================================================================
14.06.58 > Getting available pressure at sanitary terminal with ID 7019...
14.06.58 > Tank bottom elevation: 3.82 m
14.06.58 > Water level adjustment: +0.5 m
14.06.58 > Water column level: 4.32 m
14.06.58 > Terminal elevation: 0.613 m
14.06.58 > Initial pressure from gravity potential: 4.32 - 0.613 = 3.707 m
14.06.58 > Path components: 12 elements
14.06.58 ----------------------------------------------------------------------------------------------------
14.06.58 > Processing pipe fitting ID 7806...
14.06.58 > Getting local pressure drop for connection with ID 7806...
14.06.58 > Getting fitting properties for fitting with ID 7806...
14.06.58 > Fitting properties:
14.06.58 > {'dir': {'incoming_unit_vector': (0.0, 1.0, 0.0), 'outgoing_unit_vector': (0.0, 0.0, 1.0), 'direction_change_angle': 90.0}, 'type': 'EXIT'}
14.06.58 > Design flow: 0.164 L/s
14.06.58 > Equivalent length lookup: type=EXIT, diameter=25.0 mm -> 1.2 m
14.06.58 > Fair Whipple-Hsiao: J = 0.000859 * Q^1.75 * D^-4.75 = 0.016897 m/m
14.06.58 > Local pressure drop: 1.2 * 0.016897 = 0.02 m
14.06.58 ==> Remaining pressure: 3.687 m
14.06.58 > Processing pipe segment ID 6973...
14.06.58 > Getting pipe properties for pipe with ID 6973...
14.06.58 > Mapped nominal diameter 25.0 mm to internal diameter...
14.06.58 > Pipe properties:
14.06.58 > {'len': 0.67, 'dim': 0.0216}
14.06.58 > Getting linear pressure drop for pipe with ID 6973...
14.06.58 > Pipe length: 0.67 m, Internal diameter: 21.6 mm
14.06.58 > Design flow: 0.164 L/s
14.06.58 > Fair Whipple-Hsiao: J = 0.000859 * Q^1.75 * D^-4.75 = 0.016897 m/m
14.06.58 > Linear pressure drop: 0.67 * 0.016897 = 0.011 m
14.06.58 ==> Remaining pressure: 3.675 m
14.06.58 > Processing pipe fitting ID 6984...
14.06.58 > Getting local pressure drop for connection with ID 6984...
14.06.58 > Getting fitting properties for fitting with ID 6984...
14.06.58 > Fitting properties:
14.06.58 > {'dir': {'incoming_unit_vector': (0.0, 0.0, 1.0), 'outgoing_unit_vector': (1.0, 0.0, 0.0), 'direction_change_angle': 90.0}, 'type': 'JUNCTION'}
14.06.58 > Design flow: 0.232 L/s
14.06.58 > Equivalent length lookup: type=JUNCTION, angle=90.0, diameter=25.0 mm -> 3.1 m
14.06.58 > Fair Whipple-Hsiao: J = 0.000859 * Q^1.75 * D^-4.75 = 0.030989 m/m
14.06.58 > Local pressure drop: 3.1 * 0.030989 = 0.096 m
14.06.58 ==> Remaining pressure: 3.579 m
14.06.58 > Processing pipe segment ID 6938...
14.06.58 > Getting pipe properties for pipe with ID 6938...
14.06.58 > Mapped nominal diameter 25.0 mm to internal diameter...
14.06.58 > Pipe properties:
14.06.58 > {'len': 0.118, 'dim': 0.0216}
14.06.58 > Getting linear pressure drop for pipe with ID 6938...
14.06.58 > Pipe length: 0.118 m, Internal diameter: 21.6 mm
14.06.58 > Design flow: 0.232 L/s
14.06.58 > Fair Whipple-Hsiao: J = 0.000859 * Q^1.75 * D^-4.75 = 0.030989 m/m
14.06.58 > Linear pressure drop: 0.118 * 0.030989 = 0.004 m
14.06.58 ==> Remaining pressure: 3.576 m
14.06.58 > Processing pipe fitting ID 6919...
14.06.58 > Getting local pressure drop for connection with ID 6919...
14.06.58 > Getting fitting properties for fitting with ID 6919...
14.06.59 > Fitting properties:
14.06.59 > {'dir': {'incoming_unit_vector': (1.0, 0.0, 0.0), 'outgoing_unit_vector': (0.0, 0.0, 1.0), 'direction_change_angle': 90.0}, 'type': 'JUNCTION'}
14.06.59 > Design flow: 0.251 L/s
14.06.59 > Equivalent length lookup: type=JUNCTION, angle=90.0, diameter=25.0 mm -> 3.1 m
14.06.59 > Fair Whipple-Hsiao: J = 0.000859 * Q^1.75 * D^-4.75 = 0.035464 m/m
14.06.59 > Local pressure drop: 3.1 * 0.035464 = 0.11 m
14.06.59 ==> Remaining pressure: 3.466 m
14.06.59 > Processing pipe segment ID 4568...
14.06.59 > Getting pipe properties for pipe with ID 4568...
14.06.59 > Mapped nominal diameter 25.0 mm to internal diameter...
14.06.59 > Pipe properties:
14.06.59 > {'len': 0.87, 'dim': 0.0216}
14.06.59 > Getting linear pressure drop for pipe with ID 4568...
14.06.59 > Pipe length: 0.87 m, Internal diameter: 21.6 mm
14.06.59 > Design flow: 0.251 L/s
14.06.59 > Fair Whipple-Hsiao: J = 0.000859 * Q^1.75 * D^-4.75 = 0.035464 m/m
14.06.59 > Linear pressure drop: 0.87 * 0.035464 = 0.031 m
14.06.59 ==> Remaining pressure: 3.435 m
14.06.59 > Processing valve ID 8045...
14.06.59 > Getting local pressure drop for connection with ID 8045...
14.06.59 > Getting valve properties for valve with ID 8045...
14.06.59 > Valve properties:
14.06.59 > {'dim': (0.025, 0.025), 'dir': {'incoming_unit_vector': (0.0, 0.0, 1.0), 'outgoing_unit_vector': (0.0, 0.0, 1.0), 'direction_change_angle': 0.0}, 'type': 'ISOLATING'}
14.06.59 > Design flow: 0.251 L/s
14.06.59 > Equivalent length lookup: type=ISOLATING, diameter=25.0 mm -> 0.2 m
14.06.59 > Fair Whipple-Hsiao: J = 0.000859 * Q^1.75 * D^-4.75 = 0.035464 m/m
14.06.59 > Local pressure drop: 0.2 * 0.035464 = 0.007 m
14.06.59 ==> Remaining pressure: 3.428 m
14.06.59 > Processing pipe segment ID 8065...
14.06.59 > Getting pipe properties for pipe with ID 8065...
14.06.59 > Mapped nominal diameter 25.0 mm to internal diameter...
14.06.59 > Pipe properties:
14.06.59 > {'len': 1.664, 'dim': 0.0216}
14.06.59 > Getting linear pressure drop for pipe with ID 8065...
14.06.59 > Pipe length: 1.664 m, Internal diameter: 21.6 mm
14.06.59 > Design flow: 0.251 L/s
14.06.59 > Fair Whipple-Hsiao: J = 0.000859 * Q^1.75 * D^-4.75 = 0.035464 m/m
14.06.59 > Linear pressure drop: 1.664 * 0.035464 = 0.059 m
14.06.59 ==> Remaining pressure: 3.369 m
14.06.59 > Processing pipe fitting ID 5345...
14.06.59 > Getting local pressure drop for connection with ID 5345...
14.06.59 > Getting fitting properties for fitting with ID 5345...
14.06.59 > Fitting properties:
14.06.59 > {'dir': {'incoming_unit_vector': (0.0, 0.0, 1.0), 'outgoing_unit_vector': (0.0, -1.0, 0.0), 'direction_change_angle': 90.0}, 'type': 'BEND'}
14.06.59 > Design flow: 0.251 L/s
14.06.59 > Equivalent length lookup: type=BEND, angle=90.0, diameter=25.0 mm -> 1.5 m
14.06.59 > Fair Whipple-Hsiao: J = 0.000859 * Q^1.75 * D^-4.75 = 0.035464 m/m
14.06.59 > Local pressure drop: 1.5 * 0.035464 = 0.053 m
14.06.59 ==> Remaining pressure: 3.316 m
14.06.59 > Processing pipe segment ID 8344...
14.06.59 > Getting pipe properties for pipe with ID 8344...
14.06.59 > Mapped nominal diameter 25.0 mm to internal diameter...
14.06.59 > Pipe properties:
14.06.59 > {'len': 0.549, 'dim': 0.0216}
14.06.59 > Getting linear pressure drop for pipe with ID 8344...
14.06.59 > Pipe length: 0.549 m, Internal diameter: 21.6 mm
14.06.59 > Design flow: 0.251 L/s
14.06.59 > Fair Whipple-Hsiao: J = 0.000859 * Q^1.75 * D^-4.75 = 0.035464 m/m
14.06.59 > Linear pressure drop: 0.549 * 0.035464 = 0.019 m
14.06.59 ==> Remaining pressure: 3.296 m
14.06.59 ====================================================================================================
14.06.59 > Available pressure at the sanitary terminal 7019 - Type: TOILETPAN:
14.06.59 > 3.3 m
14.06.59 ====================================================================================================
